2019/07/12 09:07:39 [error] [exception.CHttpException.400] CHttpException: Your request is invalid. in C:\xampp\htdocs\yii\framework\web\CController.php:337
Stack trace:
#0 C:\xampp\htdocs\yii\framework\web\CController.php(309): CController->invalidActionParams(Object(CInlineAction))
#1 C:\xampp\htdocs\yii\framework\web\filters\CFilterChain.php(134): CController->runAction(Object(CInlineAction))
#2 C:\xampp\htdocs\yii\framework\web\filters\CFilter.php(40): CFilterChain->run()
#3 C:\xampp\htdocs\yii\framework\web\CController.php(1148): CFilter->filter(Object(CFilterChain))
#4 C:\xampp\htdocs\yii\framework\web\filters\CInlineFilter.php(58): CController->filterAccessControl(Object(CFilterChain))
#5 C:\xampp\htdocs\yii\framework\web\filters\CFilterChain.php(131): CInlineFilter->filter(Object(CFilterChain))
#6 C:\xampp\htdocs\yii\framework\web\CController.php(291): CFilterChain->run()
#7 C:\xampp\htdocs\yii\framework\web\CController.php(265): CController->runActionWithFilters(Object(CInlineAction), Array)
#8 C:\xampp\htdocs\yii\framework\web\CWebApplication.php(282): CController->run('view')
#9 C:\xampp\htdocs\yii\framework\web\CWebApplication.php(141): CWebApplication->runController('menu/view')
#10 C:\xampp\htdocs\yii\framework\base\CApplication.php(185): CWebApplication->processRequest()
#11 C:\xampp\htdocs\brother\index.php(13): CApplication->run()
#12 {main}
REQUEST_URI=/brother/index.php/menu/view
HTTP_REFERER=http://localhost/brother/index.php/menu/index
---
2019/07/12 09:07:49 [error] [exception.CHttpException.400] CHttpException: Your request is invalid. in C:\xampp\htdocs\yii\framework\web\CController.php:337
Stack trace:
#0 C:\xampp\htdocs\yii\framework\web\CController.php(309): CController->invalidActionParams(Object(CInlineAction))
#1 C:\xampp\htdocs\yii\framework\web\filters\CFilterChain.php(134): CController->runAction(Object(CInlineAction))
#2 C:\xampp\htdocs\yii\framework\web\filters\CFilter.php(40): CFilterChain->run()
#3 C:\xampp\htdocs\yii\framework\web\CController.php(1148): CFilter->filter(Object(CFilterChain))
#4 C:\xampp\htdocs\yii\framework\web\filters\CInlineFilter.php(58): CController->filterAccessControl(Object(CFilterChain))
#5 C:\xampp\htdocs\yii\framework\web\filters\CFilterChain.php(131): CInlineFilter->filter(Object(CFilterChain))
#6 C:\xampp\htdocs\yii\framework\web\CController.php(291): CFilterChain->run()
#7 C:\xampp\htdocs\yii\framework\web\CController.php(265): CController->runActionWithFilters(Object(CInlineAction), Array)
#8 C:\xampp\htdocs\yii\framework\web\CWebApplication.php(282): CController->run('view')
#9 C:\xampp\htdocs\yii\framework\web\CWebApplication.php(141): CWebApplication->runController('menu/view')
#10 C:\xampp\htdocs\yii\framework\base\CApplication.php(185): CWebApplication->processRequest()
#11 C:\xampp\htdocs\brother\index.php(13): CApplication->run()
#12 {main}
REQUEST_URI=/brother/index.php/menu/view
HTTP_REFERER=http://localhost/brother/index.php/menu/index
---
2019/07/12 09:07:55 [error] [exception.CHttpException.400] CHttpException: Your request is invalid. in C:\xampp\htdocs\yii\framework\web\CController.php:337
Stack trace:
#0 C:\xampp\htdocs\yii\framework\web\CController.php(309): CController->invalidActionParams(Object(CInlineAction))
#1 C:\xampp\htdocs\yii\framework\web\filters\CFilterChain.php(134): CController->runAction(Object(CInlineAction))
#2 C:\xampp\htdocs\yii\framework\web\filters\CFilter.php(40): CFilterChain->run()
#3 C:\xampp\htdocs\yii\framework\web\CController.php(1148): CFilter->filter(Object(CFilterChain))
#4 C:\xampp\htdocs\yii\framework\web\filters\CInlineFilter.php(58): CController->filterAccessControl(Object(CFilterChain))
#5 C:\xampp\htdocs\yii\framework\web\filters\CFilterChain.php(131): CInlineFilter->filter(Object(CFilterChain))
#6 C:\xampp\htdocs\yii\framework\web\CController.php(291): CFilterChain->run()
#7 C:\xampp\htdocs\yii\framework\web\CController.php(265): CController->runActionWithFilters(Object(CInlineAction), Array)
#8 C:\xampp\htdocs\yii\framework\web\CWebApplication.php(282): CController->run('view')
#9 C:\xampp\htdocs\yii\framework\web\CWebApplication.php(141): CWebApplication->runController('menu/view')
#10 C:\xampp\htdocs\yii\framework\base\CApplication.php(185): CWebApplication->processRequest()
#11 C:\xampp\htdocs\brother\index.php(13): CApplication->run()
#12 {main}
REQUEST_URI=/brother/index.php/menu/view
HTTP_REFERER=http://localhost/brother/index.php/menu/index
---
2019/07/12 09:07:56 [error] [exception.CHttpException.400] CHttpException: Your request is invalid. in C:\xampp\htdocs\yii\framework\web\CController.php:337
Stack trace:
#0 C:\xampp\htdocs\yii\framework\web\CController.php(309): CController->invalidActionParams(Object(CInlineAction))
#1 C:\xampp\htdocs\yii\framework\web\filters\CFilterChain.php(134): CController->runAction(Object(CInlineAction))
#2 C:\xampp\htdocs\yii\framework\web\filters\CFilter.php(40): CFilterChain->run()
#3 C:\xampp\htdocs\yii\framework\web\CController.php(1148): CFilter->filter(Object(CFilterChain))
#4 C:\xampp\htdocs\yii\framework\web\filters\CInlineFilter.php(58): CController->filterAccessControl(Object(CFilterChain))
#5 C:\xampp\htdocs\yii\framework\web\filters\CFilterChain.php(131): CInlineFilter->filter(Object(CFilterChain))
#6 C:\xampp\htdocs\yii\framework\web\CController.php(291): CFilterChain->run()
#7 C:\xampp\htdocs\yii\framework\web\CController.php(265): CController->runActionWithFilters(Object(CInlineAction), Array)
#8 C:\xampp\htdocs\yii\framework\web\CWebApplication.php(282): CController->run('view')
#9 C:\xampp\htdocs\yii\framework\web\CWebApplication.php(141): CWebApplication->runController('menu/view')
#10 C:\xampp\htdocs\yii\framework\base\CApplication.php(185): CWebApplication->processRequest()
#11 C:\xampp\htdocs\brother\index.php(13): CApplication->run()
#12 {main}
REQUEST_URI=/brother/index.php/menu/view
HTTP_REFERER=http://localhost/brother/index.php/menu/index
---
2019/07/12 09:08:58 [error] [php] Undefined variable: model (C:\xampp\htdocs\brother\protected\views\menu\view.php:7)
Stack trace:
#0 C:\xampp\htdocs\yii\framework\web\CController.php(872): MenuController->renderFile()
#1 C:\xampp\htdocs\yii\framework\web\CController.php(785): MenuController->renderPartial()
#2 C:\xampp\htdocs\brother\protected\controllers\MenuController.php(127): MenuController->render()
#3 C:\xampp\htdocs\yii\framework\web\actions\CInlineAction.php(49): MenuController->actionIndex()
#4 C:\xampp\htdocs\yii\framework\web\CController.php(308): CInlineAction->runWithParams()
#5 C:\xampp\htdocs\yii\framework\web\filters\CFilterChain.php(134): MenuController->runAction()
#6 C:\xampp\htdocs\yii\framework\web\filters\CFilter.php(40): CFilterChain->run()
#7 C:\xampp\htdocs\yii\framework\web\CController.php(1148): CAccessControlFilter->filter()
#8 C:\xampp\htdocs\yii\framework\web\filters\CInlineFilter.php(58): MenuController->filterAccessControl()
#9 C:\xampp\htdocs\yii\framework\web\filters\CFilterChain.php(131): CInlineFilter->filter()
#10 C:\xampp\htdocs\yii\framework\web\CController.php(291): CFilterChain->run()
#11 C:\xampp\htdocs\yii\framework\web\CController.php(265): MenuController->runActionWithFilters()
#12 C:\xampp\htdocs\yii\framework\web\CWebApplication.php(282): MenuController->run()
#13 C:\xampp\htdocs\yii\framework\web\CWebApplication.php(141): CWebApplication->runController()
#14 C:\xampp\htdocs\yii\framework\base\CApplication.php(185): CWebApplication->processRequest()
#15 C:\xampp\htdocs\brother\index.php(13): CWebApplication->run()
REQUEST_URI=/brother/index.php/menu/index
in C:\xampp\htdocs\brother\protected\views\menu\view.php (7)
in C:\xampp\htdocs\brother\protected\controllers\MenuController.php (127)
in C:\xampp\htdocs\brother\index.php (13)
2019/07/12 09:26:20 [error] [php] Undefined variable: model (C:\xampp\htdocs\brother\protected\views\menu\view.php:7)
Stack trace:
#0 C:\xampp\htdocs\yii\framework\web\CController.php(872): MenuController->renderFile()
#1 C:\xampp\htdocs\yii\framework\web\CController.php(785): MenuController->renderPartial()
#2 C:\xampp\htdocs\brother\protected\controllers\MenuController.php(128): MenuController->render()
#3 C:\xampp\htdocs\yii\framework\web\actions\CInlineAction.php(49): MenuController->actionIndex()
#4 C:\xampp\htdocs\yii\framework\web\CController.php(308): CInlineAction->runWithParams()
#5 C:\xampp\htdocs\yii\framework\web\filters\CFilterChain.php(134): MenuController->runAction()
#6 C:\xampp\htdocs\yii\framework\web\filters\CFilter.php(40): CFilterChain->run()
#7 C:\xampp\htdocs\yii\framework\web\CController.php(1148): CAccessControlFilter->filter()
#8 C:\xampp\htdocs\yii\framework\web\filters\CInlineFilter.php(58): MenuController->filterAccessControl()
#9 C:\xampp\htdocs\yii\framework\web\filters\CFilterChain.php(131): CInlineFilter->filter()
#10 C:\xampp\htdocs\yii\framework\web\CController.php(291): CFilterChain->run()
#11 C:\xampp\htdocs\yii\framework\web\CController.php(265): MenuController->runActionWithFilters()
#12 C:\xampp\htdocs\yii\framework\web\CWebApplication.php(282): MenuController->run()
#13 C:\xampp\htdocs\yii\framework\web\CWebApplication.php(141): CWebApplication->runController()
#14 C:\xampp\htdocs\yii\framework\base\CApplication.php(185): CWebApplication->processRequest()
#15 C:\xampp\htdocs\brother\index.php(13): CWebApplication->run()
REQUEST_URI=/brother/index.php/menu/index
in C:\xampp\htdocs\brother\protected\views\menu\view.php (7)
in C:\xampp\htdocs\brother\protected\controllers\MenuController.php (128)
in C:\xampp\htdocs\brother\index.php (13)
2019/07/12 09:27:02 [error] [php] include(view.php): failed to open stream: No such file or directory (C:\xampp\htdocs\yii\framework\YiiBase.php:463)
Stack trace:
#0 C:\xampp\htdocs\brother\protected\controllers\MenuController.php(125): spl_autoload_call()
#1 C:\xampp\htdocs\yii\framework\web\actions\CInlineAction.php(49): MenuController->actionIndex()
#2 C:\xampp\htdocs\yii\framework\web\CController.php(308): CInlineAction->runWithParams()
#3 C:\xampp\htdocs\yii\framework\web\filters\CFilterChain.php(134): MenuController->runAction()
#4 C:\xampp\htdocs\yii\framework\web\filters\CFilter.php(40): CFilterChain->run()
#5 C:\xampp\htdocs\yii\framework\web\CController.php(1148): CAccessControlFilter->filter()
#6 C:\xampp\htdocs\yii\framework\web\filters\CInlineFilter.php(58): MenuController->filterAccessControl()
#7 C:\xampp\htdocs\yii\framework\web\filters\CFilterChain.php(131): CInlineFilter->filter()
#8 C:\xampp\htdocs\yii\framework\web\CController.php(291): CFilterChain->run()
#9 C:\xampp\htdocs\yii\framework\web\CController.php(265): MenuController->runActionWithFilters()
#10 C:\xampp\htdocs\yii\framework\web\CWebApplication.php(282): MenuController->run()
#11 C:\xampp\htdocs\yii\framework\web\CWebApplication.php(141): CWebApplication->runController()
#12 C:\xampp\htdocs\yii\framework\base\CApplication.php(185): CWebApplication->processRequest()
#13 C:\xampp\htdocs\brother\index.php(13): CWebApplication->run()
REQUEST_URI=/brother/index.php/menu/index
in C:\xampp\htdocs\brother\protected\controllers\MenuController.php (125)
in C:\xampp\htdocs\brother\index.php (13)
2019/07/12 09:30:17 [error] [php] Undefined variable: model (C:\xampp\htdocs\brother\protected\views\menu\view.php:7)
Stack trace:
#0 C:\xampp\htdocs\yii\framework\web\CController.php(872): MenuController->renderFile()
#1 C:\xampp\htdocs\yii\framework\web\CController.php(785): MenuController->renderPartial()
#2 C:\xampp\htdocs\brother\protected\controllers\MenuController.php(127): MenuController->render()
#3 C:\xampp\htdocs\yii\framework\web\actions\CInlineAction.php(49): MenuController->actionIndex()
#4 C:\xampp\htdocs\yii\framework\web\CController.php(308): CInlineAction->runWithParams()
#5 C:\xampp\htdocs\yii\framework\web\filters\CFilterChain.php(134): MenuController->runAction()
#6 C:\xampp\htdocs\yii\framework\web\filters\CFilter.php(40): CFilterChain->run()
#7 C:\xampp\htdocs\yii\framework\web\CController.php(1148): CAccessControlFilter->filter()
#8 C:\xampp\htdocs\yii\framework\web\filters\CInlineFilter.php(58): MenuController->filterAccessControl()
#9 C:\xampp\htdocs\yii\framework\web\filters\CFilterChain.php(131): CInlineFilter->filter()
#10 C:\xampp\htdocs\yii\framework\web\CController.php(291): CFilterChain->run()
#11 C:\xampp\htdocs\yii\framework\web\CController.php(265): MenuController->runActionWithFilters()
#12 C:\xampp\htdocs\yii\framework\web\CWebApplication.php(282): MenuController->run()
#13 C:\xampp\htdocs\yii\framework\web\CWebApplication.php(141): CWebApplication->runController()
#14 C:\xampp\htdocs\yii\framework\base\CApplication.php(185): CWebApplication->processRequest()
#15 C:\xampp\htdocs\brother\index.php(13): CWebApplication->run()
REQUEST_URI=/brother/index.php/menu/index
in C:\xampp\htdocs\brother\protected\views\menu\view.php (7)
in C:\xampp\htdocs\brother\protected\controllers\MenuController.php (127)
in C:\xampp\htdocs\brother\index.php (13)
2019/07/12 09:30:43 [error] [php] include(View.php): failed to open stream: No such file or directory (C:\xampp\htdocs\yii\framework\YiiBase.php:463)
Stack trace:
#0 C:\xampp\htdocs\brother\protected\controllers\MenuController.php(125): spl_autoload_call()
#1 C:\xampp\htdocs\yii\framework\web\actions\CInlineAction.php(49): MenuController->actionIndex()
#2 C:\xampp\htdocs\yii\framework\web\CController.php(308): CInlineAction->runWithParams()
#3 C:\xampp\htdocs\yii\framework\web\filters\CFilterChain.php(134): MenuController->runAction()
#4 C:\xampp\htdocs\yii\framework\web\filters\CFilter.php(40): CFilterChain->run()
#5 C:\xampp\htdocs\yii\framework\web\CController.php(1148): CAccessControlFilter->filter()
#6 C:\xampp\htdocs\yii\framework\web\filters\CInlineFilter.php(58): MenuController->filterAccessControl()
#7 C:\xampp\htdocs\yii\framework\web\filters\CFilterChain.php(131): CInlineFilter->filter()
#8 C:\xampp\htdocs\yii\framework\web\CController.php(291): CFilterChain->run()
#9 C:\xampp\htdocs\yii\framework\web\CController.php(265): MenuController->runActionWithFilters()
#10 C:\xampp\htdocs\yii\framework\web\CWebApplication.php(282): MenuController->run()
#11 C:\xampp\htdocs\yii\framework\web\CWebApplication.php(141): CWebApplication->runController()
#12 C:\xampp\htdocs\yii\framework\base\CApplication.php(185): CWebApplication->processRequest()
#13 C:\xampp\htdocs\brother\index.php(13): CWebApplication->run()
REQUEST_URI=/brother/index.php/menu/index
in C:\xampp\htdocs\brother\protected\controllers\MenuController.php (125)
in C:\xampp\htdocs\brother\index.php (13)
2019/07/12 09:30:56 [error] [exception.CHttpException.404] CHttpException: The system is unable to find the requested action "index". in C:\xampp\htdocs\yii\framework\web\CController.php:486
Stack trace:
#0 C:\xampp\htdocs\yii\framework\web\CController.php(270): CController->missingAction('index')
#1 C:\xampp\htdocs\yii\framework\web\CWebApplication.php(282): CController->run('index')
#2 C:\xampp\htdocs\yii\framework\web\CWebApplication.php(141): CWebApplication->runController('menu/index')
#3 C:\xampp\htdocs\yii\framework\base\CApplication.php(185): CWebApplication->processRequest()
#4 C:\xampp\htdocs\brother\index.php(13): CApplication->run()
#5 {main}
REQUEST_URI=/brother/index.php/menu/index
HTTP_REFERER=http://localhost/brother/index.php/site/index
---
2019/07/12 09:32:56 [error] [php] Undefined variable: model (C:\xampp\htdocs\brother\protected\views\menu\index.php:7)
Stack trace:
#0 C:\xampp\htdocs\yii\framework\web\CController.php(872): MenuController->renderFile()
#1 C:\xampp\htdocs\yii\framework\web\CController.php(785): MenuController->renderPartial()
#2 C:\xampp\htdocs\brother\protected\controllers\MenuController.php(127): MenuController->render()
#3 C:\xampp\htdocs\yii\framework\web\actions\CInlineAction.php(49): MenuController->actionIndex()
#4 C:\xampp\htdocs\yii\framework\web\CController.php(308): CInlineAction->runWithParams()
#5 C:\xampp\htdocs\yii\framework\web\filters\CFilterChain.php(134): MenuController->runAction()
#6 C:\xampp\htdocs\yii\framework\web\filters\CFilter.php(40): CFilterChain->run()
#7 C:\xampp\htdocs\yii\framework\web\CController.php(1148): CAccessControlFilter->filter()
#8 C:\xampp\htdocs\yii\framework\web\filters\CInlineFilter.php(58): MenuController->filterAccessControl()
#9 C:\xampp\htdocs\yii\framework\web\filters\CFilterChain.php(131): CInlineFilter->filter()
#10 C:\xampp\htdocs\yii\framework\web\CController.php(291): CFilterChain->run()
#11 C:\xampp\htdocs\yii\framework\web\CController.php(265): MenuController->runActionWithFilters()
#12 C:\xampp\htdocs\yii\framework\web\CWebApplication.php(282): MenuController->run()
#13 C:\xampp\htdocs\yii\framework\web\CWebApplication.php(141): CWebApplication->runController()
#14 C:\xampp\htdocs\yii\framework\base\CApplication.php(185): CWebApplication->processRequest()
#15 C:\xampp\htdocs\brother\index.php(13): CWebApplication->run()
REQUEST_URI=/brother/index.php/menu/index
in C:\xampp\htdocs\brother\protected\views\menu\index.php (7)
in C:\xampp\htdocs\brother\protected\controllers\MenuController.php (127)
in C:\xampp\htdocs\brother\index.php (13)
2019/07/12 09:33:42 [error] [exception.CHttpException.400] CHttpException: Your request is invalid. in C:\xampp\htdocs\yii\framework\web\CController.php:337
Stack trace:
#0 C:\xampp\htdocs\yii\framework\web\CController.php(309): CController->invalidActionParams(Object(CInlineAction))
#1 C:\xampp\htdocs\yii\framework\web\filters\CFilterChain.php(134): CController->runAction(Object(CInlineAction))
#2 C:\xampp\htdocs\yii\framework\web\filters\CFilter.php(40): CFilterChain->run()
#3 C:\xampp\htdocs\yii\framework\web\CController.php(1148): CFilter->filter(Object(CFilterChain))
#4 C:\xampp\htdocs\yii\framework\web\filters\CInlineFilter.php(58): CController->filterAccessControl(Object(CFilterChain))
#5 C:\xampp\htdocs\yii\framework\web\filters\CFilterChain.php(131): CInlineFilter->filter(Object(CFilterChain))
#6 C:\xampp\htdocs\yii\framework\web\CController.php(291): CFilterChain->run()
#7 C:\xampp\htdocs\yii\framework\web\CController.php(265): CController->runActionWithFilters(Object(CInlineAction), Array)
#8 C:\xampp\htdocs\yii\framework\web\CWebApplication.php(282): CController->run('view')
#9 C:\xampp\htdocs\yii\framework\web\CWebApplication.php(141): CWebApplication->runController('menu/view')
#10 C:\xampp\htdocs\yii\framework\base\CApplication.php(185): CWebApplication->processRequest()
#11 C:\xampp\htdocs\brother\index.php(13): CApplication->run()
#12 {main}
REQUEST_URI=/brother/index.php/menu/view
HTTP_REFERER=http://localhost/brother/index.php/site/index
---
2019/07/12 09:33:46 [error] [exception.CHttpException.400] CHttpException: Your request is invalid. in C:\xampp\htdocs\yii\framework\web\CController.php:337
Stack trace:
#0 C:\xampp\htdocs\yii\framework\web\CController.php(309): CController->invalidActionParams(Object(CInlineAction))
#1 C:\xampp\htdocs\yii\framework\web\filters\CFilterChain.php(134): CController->runAction(Object(CInlineAction))
#2 C:\xampp\htdocs\yii\framework\web\filters\CFilter.php(40): CFilterChain->run()
#3 C:\xampp\htdocs\yii\framework\web\CController.php(1148): CFilter->filter(Object(CFilterChain))
#4 C:\xampp\htdocs\yii\framework\web\filters\CInlineFilter.php(58): CController->filterAccessControl(Object(CFilterChain))
#5 C:\xampp\htdocs\yii\framework\web\filters\CFilterChain.php(131): CInlineFilter->filter(Object(CFilterChain))
#6 C:\xampp\htdocs\yii\framework\web\CController.php(291): CFilterChain->run()
#7 C:\xampp\htdocs\yii\framework\web\CController.php(265): CController->runActionWithFilters(Object(CInlineAction), Array)
#8 C:\xampp\htdocs\yii\framework\web\CWebApplication.php(282): CController->run('view')
#9 C:\xampp\htdocs\yii\framework\web\CWebApplication.php(141): CWebApplication->runController('menu/view')
#10 C:\xampp\htdocs\yii\framework\base\CApplication.php(185): CWebApplication->processRequest()
#11 C:\xampp\htdocs\brother\index.php(13): CApplication->run()
#12 {main}
REQUEST_URI=/brother/index.php/menu/view
HTTP_REFERER=http://localhost/brother/index.php/site/index
---
2019/07/12 09:33:47 [error] [exception.CHttpException.400] CHttpException: Your request is invalid. in C:\xampp\htdocs\yii\framework\web\CController.php:337
Stack trace:
#0 C:\xampp\htdocs\yii\framework\web\CController.php(309): CController->invalidActionParams(Object(CInlineAction))
#1 C:\xampp\htdocs\yii\framework\web\filters\CFilterChain.php(134): CController->runAction(Object(CInlineAction))
#2 C:\xampp\htdocs\yii\framework\web\filters\CFilter.php(40): CFilterChain->run()
#3 C:\xampp\htdocs\yii\framework\web\CController.php(1148): CFilter->filter(Object(CFilterChain))
#4 C:\xampp\htdocs\yii\framework\web\filters\CInlineFilter.php(58): CController->filterAccessControl(Object(CFilterChain))
#5 C:\xampp\htdocs\yii\framework\web\filters\CFilterChain.php(131): CInlineFilter->filter(Object(CFilterChain))
#6 C:\xampp\htdocs\yii\framework\web\CController.php(291): CFilterChain->run()
#7 C:\xampp\htdocs\yii\framework\web\CController.php(265): CController->runActionWithFilters(Object(CInlineAction), Array)
#8 C:\xampp\htdocs\yii\framework\web\CWebApplication.php(282): CController->run('view')
#9 C:\xampp\htdocs\yii\framework\web\CWebApplication.php(141): CWebApplication->runController('menu/view')
#10 C:\xampp\htdocs\yii\framework\base\CApplication.php(185): CWebApplication->processRequest()
#11 C:\xampp\htdocs\brother\index.php(13): CApplication->run()
#12 {main}
REQUEST_URI=/brother/index.php/menu/view
HTTP_REFERER=http://localhost/brother/index.php/site/index
---
2019/07/12 09:35:06 [error] [exception.CHttpException.404] CHttpException: The system is unable to find the requested action "menupass". in C:\xampp\htdocs\yii\framework\web\CController.php:486
Stack trace:
#0 C:\xampp\htdocs\yii\framework\web\CController.php(270): CController->missingAction('menupass')
#1 C:\xampp\htdocs\yii\framework\web\CWebApplication.php(282): CController->run('menupass')
#2 C:\xampp\htdocs\yii\framework\web\CWebApplication.php(141): CWebApplication->runController('menu/menupass')
#3 C:\xampp\htdocs\yii\framework\base\CApplication.php(185): CWebApplication->processRequest()
#4 C:\xampp\htdocs\brother\index.php(13): CApplication->run()
#5 {main}
REQUEST_URI=/brother/index.php/menu/menupass
HTTP_REFERER=http://localhost/brother/index.php/menu/index
---
2019/07/12 09:35:35 [error] [exception.CHttpException.404] CHttpException: The system is unable to find the requested action "menupass". in C:\xampp\htdocs\yii\framework\web\CController.php:486
Stack trace:
#0 C:\xampp\htdocs\yii\framework\web\CController.php(270): CController->missingAction('menupass')
#1 C:\xampp\htdocs\yii\framework\web\CWebApplication.php(282): CController->run('menupass')
#2 C:\xampp\htdocs\yii\framework\web\CWebApplication.php(141): CWebApplication->runController('menu/menupass')
#3 C:\xampp\htdocs\yii\framework\base\CApplication.php(185): CWebApplication->processRequest()
#4 C:\xampp\htdocs\brother\index.php(13): CApplication->run()
#5 {main}
REQUEST_URI=/brother/index.php/menu/menupass
HTTP_REFERER=http://localhost/brother/index.php/menu/index
---
2019/07/12 09:37:33 [error] [php] Undefined variable: model (C:\xampp\htdocs\brother\protected\views\menu\index.php:39)
Stack trace:
#0 C:\xampp\htdocs\yii\framework\web\CController.php(872): MenuController->renderFile()
#1 C:\xampp\htdocs\yii\framework\web\CController.php(785): MenuController->renderPartial()
#2 C:\xampp\htdocs\brother\protected\controllers\MenuController.php(127): MenuController->render()
#3 C:\xampp\htdocs\yii\framework\web\actions\CInlineAction.php(49): MenuController->actionIndex()
#4 C:\xampp\htdocs\yii\framework\web\CController.php(308): CInlineAction->runWithParams()
#5 C:\xampp\htdocs\yii\framework\web\filters\CFilterChain.php(134): MenuController->runAction()
#6 C:\xampp\htdocs\yii\framework\web\filters\CFilter.php(40): CFilterChain->run()
#7 C:\xampp\htdocs\yii\framework\web\CController.php(1148): CAccessControlFilter->filter()
#8 C:\xampp\htdocs\yii\framework\web\filters\CInlineFilter.php(58): MenuController->filterAccessControl()
#9 C:\xampp\htdocs\yii\framework\web\filters\CFilterChain.php(131): CInlineFilter->filter()
#10 C:\xampp\htdocs\yii\framework\web\CController.php(291): CFilterChain->run()
#11 C:\xampp\htdocs\yii\framework\web\CController.php(265): MenuController->runActionWithFilters()
#12 C:\xampp\htdocs\yii\framework\web\CWebApplication.php(282): MenuController->run()
#13 C:\xampp\htdocs\yii\framework\web\CWebApplication.php(141): CWebApplication->runController()
#14 C:\xampp\htdocs\yii\framework\base\CApplication.php(185): CWebApplication->processRequest()
#15 C:\xampp\htdocs\brother\index.php(13): CWebApplication->run()
REQUEST_URI=/brother/index.php/menu/index
in C:\xampp\htdocs\brother\protected\views\menu\index.php (39)
in C:\xampp\htdocs\brother\protected\controllers\MenuController.php (127)
in C:\xampp\htdocs\brother\index.php (13)
2019/07/12 09:37:46 [error] [exception.CHttpException.404] CHttpException: The system is unable to find the requested action "menupass". in C:\xampp\htdocs\yii\framework\web\CController.php:486
Stack trace:
#0 C:\xampp\htdocs\yii\framework\web\CController.php(270): CController->missingAction('menupass')
#1 C:\xampp\htdocs\yii\framework\web\CWebApplication.php(282): CController->run('menupass')
#2 C:\xampp\htdocs\yii\framework\web\CWebApplication.php(141): CWebApplication->runController('menu/menupass')
#3 C:\xampp\htdocs\yii\framework\base\CApplication.php(185): CWebApplication->processRequest()
#4 C:\xampp\htdocs\brother\index.php(13): CApplication->run()
#5 {main}
REQUEST_URI=/brother/index.php/menu/menupass
HTTP_REFERER=http://localhost/brother/index.php/menu/index
---
2019/07/12 09:39:21 [error] [exception.CHttpException.403] CHttpException: You are not authorized to perform this action. in C:\xampp\htdocs\yii\framework\web\auth\CAccessControlFilter.php:183
Stack trace:
#0 C:\xampp\htdocs\yii\framework\web\auth\CAccessControlFilter.php(145): CAccessControlFilter->accessDenied(Object(CWebUser), 'You are not aut...')
#1 C:\xampp\htdocs\yii\framework\web\filters\CFilter.php(38): CAccessControlFilter->preFilter(Object(CFilterChain))
#2 C:\xampp\htdocs\yii\framework\web\CController.php(1148): CFilter->filter(Object(CFilterChain))
#3 C:\xampp\htdocs\yii\framework\web\filters\CInlineFilter.php(58): CController->filterAccessControl(Object(CFilterChain))
#4 C:\xampp\htdocs\yii\framework\web\filters\CFilterChain.php(131): CInlineFilter->filter(Object(CFilterChain))
#5 C:\xampp\htdocs\yii\framework\web\CController.php(291): CFilterChain->run()
#6 C:\xampp\htdocs\yii\framework\web\CController.php(265): CController->runActionWithFilters(Object(CInlineAction), Array)
#7 C:\xampp\htdocs\yii\framework\web\CWebApplication.php(282): CController->run('menupass')
#8 C:\xampp\htdocs\yii\framework\web\CWebApplication.php(141): CWebApplication->runController('menu/menupass')
#9 C:\xampp\htdocs\yii\framework\base\CApplication.php(185): CWebApplication->processRequest()
#10 C:\xampp\htdocs\brother\index.php(13): CApplication->run()
#11 {main}
REQUEST_URI=/brother/index.php/menu/menupass
HTTP_REFERER=http://localhost/brother/index.php/menu/index
---
2019/07/12 09:40:03 [error] [exception.CHttpException.403] CHttpException: You are not authorized to perform this action. in C:\xampp\htdocs\yii\framework\web\auth\CAccessControlFilter.php:183
Stack trace:
#0 C:\xampp\htdocs\yii\framework\web\auth\CAccessControlFilter.php(145): CAccessControlFilter->accessDenied(Object(CWebUser), 'You are not aut...')
#1 C:\xampp\htdocs\yii\framework\web\filters\CFilter.php(38): CAccessControlFilter->preFilter(Object(CFilterChain))
#2 C:\xampp\htdocs\yii\framework\web\CController.php(1148): CFilter->filter(Object(CFilterChain))
#3 C:\xampp\htdocs\yii\framework\web\filters\CInlineFilter.php(58): CController->filterAccessControl(Object(CFilterChain))
#4 C:\xampp\htdocs\yii\framework\web\filters\CFilterChain.php(131): CInlineFilter->filter(Object(CFilterChain))
#5 C:\xampp\htdocs\yii\framework\web\CController.php(291): CFilterChain->run()
#6 C:\xampp\htdocs\yii\framework\web\CController.php(265): CController->runActionWithFilters(Object(CInlineAction), Array)
#7 C:\xampp\htdocs\yii\framework\web\CWebApplication.php(282): CController->run('menupass')
#8 C:\xampp\htdocs\yii\framework\web\CWebApplication.php(141): CWebApplication->runController('menu/menupass')
#9 C:\xampp\htdocs\yii\framework\base\CApplication.php(185): CWebApplication->processRequest()
#10 C:\xampp\htdocs\brother\index.php(13): CApplication->run()
#11 {main}
REQUEST_URI=/brother/index.php/menu/menupass
HTTP_REFERER=http://localhost/brother/index.php/menu/index
---
2019/07/12 09:40:04 [error] [exception.CHttpException.403] CHttpException: You are not authorized to perform this action. in C:\xampp\htdocs\yii\framework\web\auth\CAccessControlFilter.php:183
Stack trace:
#0 C:\xampp\htdocs\yii\framework\web\auth\CAccessControlFilter.php(145): CAccessControlFilter->accessDenied(Object(CWebUser), 'You are not aut...')
#1 C:\xampp\htdocs\yii\framework\web\filters\CFilter.php(38): CAccessControlFilter->preFilter(Object(CFilterChain))
#2 C:\xampp\htdocs\yii\framework\web\CController.php(1148): CFilter->filter(Object(CFilterChain))
#3 C:\xampp\htdocs\yii\framework\web\filters\CInlineFilter.php(58): CController->filterAccessControl(Object(CFilterChain))
#4 C:\xampp\htdocs\yii\framework\web\filters\CFilterChain.php(131): CInlineFilter->filter(Object(CFilterChain))
#5 C:\xampp\htdocs\yii\framework\web\CController.php(291): CFilterChain->run()
#6 C:\xampp\htdocs\yii\framework\web\CController.php(265): CController->runActionWithFilters(Object(CInlineAction), Array)
#7 C:\xampp\htdocs\yii\framework\web\CWebApplication.php(282): CController->run('menupass')
#8 C:\xampp\htdocs\yii\framework\web\CWebApplication.php(141): CWebApplication->runController('menu/menupass')
#9 C:\xampp\htdocs\yii\framework\base\CApplication.php(185): CWebApplication->processRequest()
#10 C:\xampp\htdocs\brother\index.php(13): CApplication->run()
#11 {main}
REQUEST_URI=/brother/index.php/menu/menupass
HTTP_REFERER=http://localhost/brother/index.php/menu/index
---
2019/07/12 09:40:04 [error] [exception.CHttpException.403] CHttpException: You are not authorized to perform this action. in C:\xampp\htdocs\yii\framework\web\auth\CAccessControlFilter.php:183
Stack trace:
#0 C:\xampp\htdocs\yii\framework\web\auth\CAccessControlFilter.php(145): CAccessControlFilter->accessDenied(Object(CWebUser), 'You are not aut...')
#1 C:\xampp\htdocs\yii\framework\web\filters\CFilter.php(38): CAccessControlFilter->preFilter(Object(CFilterChain))
#2 C:\xampp\htdocs\yii\framework\web\CController.php(1148): CFilter->filter(Object(CFilterChain))
#3 C:\xampp\htdocs\yii\framework\web\filters\CInlineFilter.php(58): CController->filterAccessControl(Object(CFilterChain))
#4 C:\xampp\htdocs\yii\framework\web\filters\CFilterChain.php(131): CInlineFilter->filter(Object(CFilterChain))
#5 C:\xampp\htdocs\yii\framework\web\CController.php(291): CFilterChain->run()
#6 C:\xampp\htdocs\yii\framework\web\CController.php(265): CController->runActionWithFilters(Object(CInlineAction), Array)
#7 C:\xampp\htdocs\yii\framework\web\CWebApplication.php(282): CController->run('menupass')
#8 C:\xampp\htdocs\yii\framework\web\CWebApplication.php(141): CWebApplication->runController('menu/menupass')
#9 C:\xampp\htdocs\yii\framework\base\CApplication.php(185): CWebApplication->processRequest()
#10 C:\xampp\htdocs\brother\index.php(13): CApplication->run()
#11 {main}
REQUEST_URI=/brother/index.php/menu/menupass
HTTP_REFERER=http://localhost/brother/index.php/menu/index
---
2019/07/12 09:41:10 [error] [exception.CHttpException.403] CHttpException: You are not authorized to perform this action. in C:\xampp\htdocs\yii\framework\web\auth\CAccessControlFilter.php:183
Stack trace:
#0 C:\xampp\htdocs\yii\framework\web\auth\CAccessControlFilter.php(145): CAccessControlFilter->accessDenied(Object(CWebUser), 'You are not aut...')
#1 C:\xampp\htdocs\yii\framework\web\filters\CFilter.php(38): CAccessControlFilter->preFilter(Object(CFilterChain))
#2 C:\xampp\htdocs\yii\framework\web\CController.php(1148): CFilter->filter(Object(CFilterChain))
#3 C:\xampp\htdocs\yii\framework\web\filters\CInlineFilter.php(58): CController->filterAccessControl(Object(CFilterChain))
#4 C:\xampp\htdocs\yii\framework\web\filters\CFilterChain.php(131): CInlineFilter->filter(Object(CFilterChain))
#5 C:\xampp\htdocs\yii\framework\web\CController.php(291): CFilterChain->run()
#6 C:\xampp\htdocs\yii\framework\web\CController.php(265): CController->runActionWithFilters(Object(CInlineAction), Array)
#7 C:\xampp\htdocs\yii\framework\web\CWebApplication.php(282): CController->run('menupass')
#8 C:\xampp\htdocs\yii\framework\web\CWebApplication.php(141): CWebApplication->runController('menu/menupass')
#9 C:\xampp\htdocs\yii\framework\base\CApplication.php(185): CWebApplication->processRequest()
#10 C:\xampp\htdocs\brother\index.php(13): CApplication->run()
#11 {main}
REQUEST_URI=/brother/index.php/menu/menupass
HTTP_REFERER=http://localhost/brother/index.php/menu/index
---
2019/07/12 09:41:10 [error] [exception.CHttpException.403] CHttpException: You are not authorized to perform this action. in C:\xampp\htdocs\yii\framework\web\auth\CAccessControlFilter.php:183
Stack trace:
#0 C:\xampp\htdocs\yii\framework\web\auth\CAccessControlFilter.php(145): CAccessControlFilter->accessDenied(Object(CWebUser), 'You are not aut...')
#1 C:\xampp\htdocs\yii\framework\web\filters\CFilter.php(38): CAccessControlFilter->preFilter(Object(CFilterChain))
#2 C:\xampp\htdocs\yii\framework\web\CController.php(1148): CFilter->filter(Object(CFilterChain))
#3 C:\xampp\htdocs\yii\framework\web\filters\CInlineFilter.php(58): CController->filterAccessControl(Object(CFilterChain))
#4 C:\xampp\htdocs\yii\framework\web\filters\CFilterChain.php(131): CInlineFilter->filter(Object(CFilterChain))
#5 C:\xampp\htdocs\yii\framework\web\CController.php(291): CFilterChain->run()
#6 C:\xampp\htdocs\yii\framework\web\CController.php(265): CController->runActionWithFilters(Object(CInlineAction), Array)
#7 C:\xampp\htdocs\yii\framework\web\CWebApplication.php(282): CController->run('menupass')
#8 C:\xampp\htdocs\yii\framework\web\CWebApplication.php(141): CWebApplication->runController('menu/menupass')
#9 C:\xampp\htdocs\yii\framework\base\CApplication.php(185): CWebApplication->processRequest()
#10 C:\xampp\htdocs\brother\index.php(13): CApplication->run()
#11 {main}
REQUEST_URI=/brother/index.php/menu/menupass
HTTP_REFERER=http://localhost/brother/index.php/menu/index
---
2019/07/12 09:41:11 [error] [exception.CHttpException.403] CHttpException: You are not authorized to perform this action. in C:\xampp\htdocs\yii\framework\web\auth\CAccessControlFilter.php:183
Stack trace:
#0 C:\xampp\htdocs\yii\framework\web\auth\CAccessControlFilter.php(145): CAccessControlFilter->accessDenied(Object(CWebUser), 'You are not aut...')
#1 C:\xampp\htdocs\yii\framework\web\filters\CFilter.php(38): CAccessControlFilter->preFilter(Object(CFilterChain))
#2 C:\xampp\htdocs\yii\framework\web\CController.php(1148): CFilter->filter(Object(CFilterChain))
#3 C:\xampp\htdocs\yii\framework\web\filters\CInlineFilter.php(58): CController->filterAccessControl(Object(CFilterChain))
#4 C:\xampp\htdocs\yii\framework\web\filters\CFilterChain.php(131): CInlineFilter->filter(Object(CFilterChain))
#5 C:\xampp\htdocs\yii\framework\web\CController.php(291): CFilterChain->run()
#6 C:\xampp\htdocs\yii\framework\web\CController.php(265): CController->runActionWithFilters(Object(CInlineAction), Array)
#7 C:\xampp\htdocs\yii\framework\web\CWebApplication.php(282): CController->run('menupass')
#8 C:\xampp\htdocs\yii\framework\web\CWebApplication.php(141): CWebApplication->runController('menu/menupass')
#9 C:\xampp\htdocs\yii\framework\base\CApplication.php(185): CWebApplication->processRequest()
#10 C:\xampp\htdocs\brother\index.php(13): CApplication->run()
#11 {main}
REQUEST_URI=/brother/index.php/menu/menupass
HTTP_REFERER=http://localhost/brother/index.php/menu/index
---
2019/07/12 09:41:11 [error] [exception.CHttpException.403] CHttpException: You are not authorized to perform this action. in C:\xampp\htdocs\yii\framework\web\auth\CAccessControlFilter.php:183
Stack trace:
#0 C:\xampp\htdocs\yii\framework\web\auth\CAccessControlFilter.php(145): CAccessControlFilter->accessDenied(Object(CWebUser), 'You are not aut...')
#1 C:\xampp\htdocs\yii\framework\web\filters\CFilter.php(38): CAccessControlFilter->preFilter(Object(CFilterChain))
#2 C:\xampp\htdocs\yii\framework\web\CController.php(1148): CFilter->filter(Object(CFilterChain))
#3 C:\xampp\htdocs\yii\framework\web\filters\CInlineFilter.php(58): CController->filterAccessControl(Object(CFilterChain))
#4 C:\xampp\htdocs\yii\framework\web\filters\CFilterChain.php(131): CInlineFilter->filter(Object(CFilterChain))
#5 C:\xampp\htdocs\yii\framework\web\CController.php(291): CFilterChain->run()
#6 C:\xampp\htdocs\yii\framework\web\CController.php(265): CController->runActionWithFilters(Object(CInlineAction), Array)
#7 C:\xampp\htdocs\yii\framework\web\CWebApplication.php(282): CController->run('menupass')
#8 C:\xampp\htdocs\yii\framework\web\CWebApplication.php(141): CWebApplication->runController('menu/menupass')
#9 C:\xampp\htdocs\yii\framework\base\CApplication.php(185): CWebApplication->processRequest()
#10 C:\xampp\htdocs\brother\index.php(13): CApplication->run()
#11 {main}
REQUEST_URI=/brother/index.php/menu/menupass
HTTP_REFERER=http://localhost/brother/index.php/menu/index
---
2019/07/12 09:41:14 [error] [exception.CHttpException.403] CHttpException: You are not authorized to perform this action. in C:\xampp\htdocs\yii\framework\web\auth\CAccessControlFilter.php:183
Stack trace:
#0 C:\xampp\htdocs\yii\framework\web\auth\CAccessControlFilter.php(145): CAccessControlFilter->accessDenied(Object(CWebUser), 'You are not aut...')
#1 C:\xampp\htdocs\yii\framework\web\filters\CFilter.php(38): CAccessControlFilter->preFilter(Object(CFilterChain))
#2 C:\xampp\htdocs\yii\framework\web\CController.php(1148): CFilter->filter(Object(CFilterChain))
#3 C:\xampp\htdocs\yii\framework\web\filters\CInlineFilter.php(58): CController->filterAccessControl(Object(CFilterChain))
#4 C:\xampp\htdocs\yii\framework\web\filters\CFilterChain.php(131): CInlineFilter->filter(Object(CFilterChain))
#5 C:\xampp\htdocs\yii\framework\web\CController.php(291): CFilterChain->run()
#6 C:\xampp\htdocs\yii\framework\web\CController.php(265): CController->runActionWithFilters(Object(CInlineAction), Array)
#7 C:\xampp\htdocs\yii\framework\web\CWebApplication.php(282): CController->run('menupass')
#8 C:\xampp\htdocs\yii\framework\web\CWebApplication.php(141): CWebApplication->runController('menu/menupass')
#9 C:\xampp\htdocs\yii\framework\base\CApplication.php(185): CWebApplication->processRequest()
#10 C:\xampp\htdocs\brother\index.php(13): CApplication->run()
#11 {main}
REQUEST_URI=/brother/index.php/menu/menupass
HTTP_REFERER=http://localhost/brother/index.php/menu/index
---
2019/07/12 09:43:42 [error] [exception.CHttpException.403] CHttpException: You are not authorized to perform this action. in C:\xampp\htdocs\yii\framework\web\auth\CAccessControlFilter.php:183
Stack trace:
#0 C:\xampp\htdocs\yii\framework\web\auth\CAccessControlFilter.php(145): CAccessControlFilter->accessDenied(Object(CWebUser), 'You are not aut...')
#1 C:\xampp\htdocs\yii\framework\web\filters\CFilter.php(38): CAccessControlFilter->preFilter(Object(CFilterChain))
#2 C:\xampp\htdocs\yii\framework\web\CController.php(1148): CFilter->filter(Object(CFilterChain))
#3 C:\xampp\htdocs\yii\framework\web\filters\CInlineFilter.php(58): CController->filterAccessControl(Object(CFilterChain))
#4 C:\xampp\htdocs\yii\framework\web\filters\CFilterChain.php(131): CInlineFilter->filter(Object(CFilterChain))
#5 C:\xampp\htdocs\yii\framework\web\CController.php(291): CFilterChain->run()
#6 C:\xampp\htdocs\yii\framework\web\CController.php(265): CController->runActionWithFilters(Object(CInlineAction), Array)
#7 C:\xampp\htdocs\yii\framework\web\CWebApplication.php(282): CController->run('menupass')
#8 C:\xampp\htdocs\yii\framework\web\CWebApplication.php(141): CWebApplication->runController('menu/menupass')
#9 C:\xampp\htdocs\yii\framework\base\CApplication.php(185): CWebApplication->processRequest()
#10 C:\xampp\htdocs\brother\index.php(13): CApplication->run()
#11 {main}
REQUEST_URI=/brother/index.php/menu/menupass
HTTP_REFERER=http://localhost/brother/index.php/menu/index
---
2019/07/12 09:45:46 [error] [php] Undefined variable: model (C:\xampp\htdocs\brother\protected\views\menu\index.php:20)
Stack trace:
#0 C:\xampp\htdocs\yii\framework\web\CController.php(872): MenuController->renderFile()
#1 C:\xampp\htdocs\yii\framework\web\CController.php(785): MenuController->renderPartial()
#2 C:\xampp\htdocs\brother\protected\controllers\MenuController.php(127): MenuController->render()
#3 C:\xampp\htdocs\yii\framework\web\actions\CInlineAction.php(49): MenuController->actionIndex()
#4 C:\xampp\htdocs\yii\framework\web\CController.php(308): CInlineAction->runWithParams()
#5 C:\xampp\htdocs\yii\framework\web\filters\CFilterChain.php(134): MenuController->runAction()
#6 C:\xampp\htdocs\yii\framework\web\filters\CFilter.php(40): CFilterChain->run()
#7 C:\xampp\htdocs\yii\framework\web\CController.php(1148): CAccessControlFilter->filter()
#8 C:\xampp\htdocs\yii\framework\web\filters\CInlineFilter.php(58): MenuController->filterAccessControl()
#9 C:\xampp\htdocs\yii\framework\web\filters\CFilterChain.php(131): CInlineFilter->filter()
#10 C:\xampp\htdocs\yii\framework\web\CController.php(291): CFilterChain->run()
#11 C:\xampp\htdocs\yii\framework\web\CController.php(265): MenuController->runActionWithFilters()
#12 C:\xampp\htdocs\yii\framework\web\CWebApplication.php(282): MenuController->run()
#13 C:\xampp\htdocs\yii\framework\web\CWebApplication.php(141): CWebApplication->runController()
#14 C:\xampp\htdocs\yii\framework\base\CApplication.php(185): CWebApplication->processRequest()
#15 C:\xampp\htdocs\brother\index.php(13): CWebApplication->run()
REQUEST_URI=/brother/index.php/menu/index
in C:\xampp\htdocs\brother\protected\views\menu\index.php (20)
in C:\xampp\htdocs\brother\protected\controllers\MenuController.php (127)
in C:\xampp\htdocs\brother\index.php (13)
2019/07/12 09:46:20 [error] [exception.CHttpException.404] CHttpException: The system is unable to find the requested action "_form". in C:\xampp\htdocs\yii\framework\web\CController.php:486
Stack trace:
#0 C:\xampp\htdocs\yii\framework\web\CController.php(270): CController->missingAction('_form')
#1 C:\xampp\htdocs\yii\framework\web\CWebApplication.php(282): CController->run('_form')
#2 C:\xampp\htdocs\yii\framework\web\CWebApplication.php(141): CWebApplication->runController('menu/_form')
#3 C:\xampp\htdocs\yii\framework\base\CApplication.php(185): CWebApplication->processRequest()
#4 C:\xampp\htdocs\brother\index.php(13): CApplication->run()
#5 {main}
REQUEST_URI=/brother/index.php/menu/_form
HTTP_REFERER=http://localhost/brother/index.php/menu/index
---
2019/07/12 09:50:19 [error] [exception.CHttpException.404] CHttpException: The system is unable to find the requested action "menupass". in C:\xampp\htdocs\yii\framework\web\CController.php:486
Stack trace:
#0 C:\xampp\htdocs\yii\framework\web\CController.php(270): CController->missingAction('menupass')
#1 C:\xampp\htdocs\yii\framework\web\CWebApplication.php(282): CController->run('menupass')
#2 C:\xampp\htdocs\yii\framework\web\CWebApplication.php(141): CWebApplication->runController('menu/menupass')
#3 C:\xampp\htdocs\yii\framework\base\CApplication.php(185): CWebApplication->processRequest()
#4 C:\xampp\htdocs\brother\index.php(13): CApplication->run()
#5 {main}
REQUEST_URI=/brother/index.php/menu/menupass
HTTP_REFERER=http://localhost/brother/index.php/menu/index
---
2019/07/12 09:53:44 [error] [exception.CHttpException.403] CHttpException: You are not authorized to perform this action. in C:\xampp\htdocs\yii\framework\web\auth\CAccessControlFilter.php:183
Stack trace:
#0 C:\xampp\htdocs\yii\framework\web\auth\CAccessControlFilter.php(145): CAccessControlFilter->accessDenied(Object(CWebUser), 'You are not aut...')
#1 C:\xampp\htdocs\yii\framework\web\filters\CFilter.php(38): CAccessControlFilter->preFilter(Object(CFilterChain))
#2 C:\xampp\htdocs\yii\framework\web\CController.php(1148): CFilter->filter(Object(CFilterChain))
#3 C:\xampp\htdocs\yii\framework\web\filters\CInlineFilter.php(58): CController->filterAccessControl(Object(CFilterChain))
#4 C:\xampp\htdocs\yii\framework\web\filters\CFilterChain.php(131): CInlineFilter->filter(Object(CFilterChain))
#5 C:\xampp\htdocs\yii\framework\web\CController.php(291): CFilterChain->run()
#6 C:\xampp\htdocs\yii\framework\web\CController.php(265): CController->runActionWithFilters(Object(CInlineAction), Array)
#7 C:\xampp\htdocs\yii\framework\web\CWebApplication.php(282): CController->run('menupass')
#8 C:\xampp\htdocs\yii\framework\web\CWebApplication.php(141): CWebApplication->runController('menu/menupass')
#9 C:\xampp\htdocs\yii\framework\base\CApplication.php(185): CWebApplication->processRequest()
#10 C:\xampp\htdocs\brother\index.php(13): CApplication->run()
#11 {main}
REQUEST_URI=/brother/index.php/menu/menupass
HTTP_REFERER=http://localhost/brother/index.php/menu/index
---
2019/07/12 09:58:52 [error] [exception.CException] CException: MenuController cannot find the requested view "index". in C:\xampp\htdocs\yii\framework\web\CController.php:881
Stack trace:
#0 C:\xampp\htdocs\yii\framework\web\CController.php(785): CController->renderPartial('index', Array, true)
#1 C:\xampp\htdocs\brother\protected\controllers\MenuController.php(127): CController->render('index', Array)
#2 C:\xampp\htdocs\yii\framework\web\actions\CInlineAction.php(49): MenuController->actionIndex()
#3 C:\xampp\htdocs\yii\framework\web\CController.php(308): CInlineAction->runWithParams(Array)
#4 C:\xampp\htdocs\yii\framework\web\filters\CFilterChain.php(134): CController->runAction(Object(CInlineAction))
#5 C:\xampp\htdocs\yii\framework\web\filters\CFilter.php(40): CFilterChain->run()
#6 C:\xampp\htdocs\yii\framework\web\CController.php(1148): CFilter->filter(Object(CFilterChain))
#7 C:\xampp\htdocs\yii\framework\web\filters\CInlineFilter.php(58): CController->filterAccessControl(Object(CFilterChain))
#8 C:\xampp\htdocs\yii\framework\web\filters\CFilterChain.php(131): CInlineFilter->filter(Object(CFilterChain))
#9 C:\xampp\htdocs\yii\framework\web\CController.php(291): CFilterChain->run()
#10 C:\xampp\htdocs\yii\framework\web\CController.php(265): CController->runActionWithFilters(Object(CInlineAction), Array)
#11 C:\xampp\htdocs\yii\framework\web\CWebApplication.php(282): CController->run('index')
#12 C:\xampp\htdocs\yii\framework\web\CWebApplication.php(141): CWebApplication->runController('menu/index')
#13 C:\xampp\htdocs\yii\framework\base\CApplication.php(185): CWebApplication->processRequest()
#14 C:\xampp\htdocs\brother\index.php(13): CApplication->run()
#15 {main}
REQUEST_URI=/brother/index.php/menu/index
HTTP_REFERER=http://localhost/brother/index.php/menu/create
---
2019/07/12 10:31:03 [error] [exception.CException] CException: SiteController and its behaviors do not have a method or closure named "beginPage". in C:\xampp\htdocs\yii\framework\base\CComponent.php:266
Stack trace:
#0 C:\xampp\htdocs\brother\themes\test\views\layouts\main.php(13): CComponent->__call('beginPage', Array)
#1 C:\xampp\htdocs\yii\framework\web\CBaseController.php(126): require('C:\\xampp\\htdocs...')
#2 C:\xampp\htdocs\yii\framework\web\CBaseController.php(95): CBaseController->renderInternal('C:\\xampp\\htdocs...', Array, true)
#3 C:\xampp\htdocs\yii\framework\web\widgets\CContentDecorator.php(76): CBaseController->renderFile('C:\\xampp\\htdocs...', Array, true)
#4 C:\xampp\htdocs\yii\framework\web\widgets\CContentDecorator.php(54): CContentDecorator->decorate('<div id="conten...')
#5 C:\xampp\htdocs\yii\framework\web\widgets\COutputProcessor.php(44): CContentDecorator->processOutput('<div id="conten...')
#6 C:\xampp\htdocs\yii\framework\web\CBaseController.php(215): COutputProcessor->run()
#7 C:\xampp\htdocs\yii\framework\web\CBaseController.php(309): CBaseController->endWidget('CContentDecorat...')
#8 C:\xampp\htdocs\brother\protected\views\layouts\column1.php(6): CBaseController->endContent()
#9 C:\xampp\htdocs\yii\framework\web\CBaseController.php(126): require('C:\\xampp\\htdocs...')
#10 C:\xampp\htdocs\yii\framework\web\CBaseController.php(95): CBaseController->renderInternal('C:\\xampp\\htdocs...', Array, true)
#11 C:\xampp\htdocs\yii\framework\web\CController.php(787): CBaseController->renderFile('C:\\xampp\\htdocs...', Array, true)
#12 C:\xampp\htdocs\brother\protected\controllers\SiteController.php(32): CController->render('index')
#13 C:\xampp\htdocs\yii\framework\web\actions\CInlineAction.php(49): SiteController->actionIndex()
#14 C:\xampp\htdocs\yii\framework\web\CController.php(308): CInlineAction->runWithParams(Array)
#15 C:\xampp\htdocs\yii\framework\web\CController.php(286): CController->runAction(Object(CInlineAction))
#16 C:\xampp\htdocs\yii\framework\web\CController.php(265): CController->runActionWithFilters(Object(CInlineAction), Array)
#17 C:\xampp\htdocs\yii\framework\web\CWebApplication.php(282): CController->run('index')
#18 C:\xampp\htdocs\yii\framework\web\CWebApplication.php(141): CWebApplication->runController('site/index')
#19 C:\xampp\htdocs\yii\framework\base\CApplication.php(185): CWebApplication->processRequest()
#20 C:\xampp\htdocs\brother\index.php(13): CApplication->run()
#21 {main}
REQUEST_URI=/brother/index.php/site/index
HTTP_REFERER=http://localhost/brother/index.php/menu/admin
---
2019/07/14 16:47:34 [error] [exception.CHttpException.404] CHttpException: Unable to resolve the request "document". in C:\xampp\htdocs\yii\framework\web\CWebApplication.php:286
Stack trace:
#0 C:\xampp\htdocs\yii\framework\web\CWebApplication.php(141): CWebApplication->runController('document')
#1 C:\xampp\htdocs\yii\framework\base\CApplication.php(185): CWebApplication->processRequest()
#2 C:\xampp\htdocs\brother\index.php(13): CApplication->run()
#3 {main}
REQUEST_URI=/brother/index.php/document
---
2019/07/14 16:48:28 [error] [exception.CHttpException.404] CHttpException: The system is unable to find the requested action "admin". in C:\xampp\htdocs\yii\framework\web\CController.php:486
Stack trace:
#0 C:\xampp\htdocs\yii\framework\web\CController.php(270): CController->missingAction('admin')
#1 C:\xampp\htdocs\yii\framework\web\CWebApplication.php(282): CController->run('admin')
#2 C:\xampp\htdocs\yii\framework\web\CWebApplication.php(141): CWebApplication->runController('site/admin')
#3 C:\xampp\htdocs\yii\framework\base\CApplication.php(185): CWebApplication->processRequest()
#4 C:\xampp\htdocs\brother\index.php(13): CApplication->run()
#5 {main}
REQUEST_URI=/brother/index.php/site/admin
HTTP_REFERER=http://localhost/brother/index.php
---
2019/07/14 16:57:50 [error] [exception.Error] Error: Class 'table table-dark' not found in C:\xampp\htdocs\yii\framework\YiiBase.php:209
Stack trace:
#0 C:\xampp\htdocs\yii\framework\zii\widgets\grid\CGridView.php(388): YiiBase::createComponent(Array, Object(CGridView))
#1 C:\xampp\htdocs\yii\framework\zii\widgets\grid\CGridView.php(359): CGridView->initColumns()
#2 C:\xampp\htdocs\yii\framework\web\CBaseController.php(147): CGridView->init()
#3 C:\xampp\htdocs\yii\framework\web\CBaseController.php(181): CBaseController->createWidget('zii.widgets.gri...', Array)
#4 C:\xampp\htdocs\brother\protected\views\menu\admin.php(38): CBaseController->widget('zii.widgets.gri...', Array)
#5 C:\xampp\htdocs\yii\framework\web\CBaseController.php(126): require('C:\\xampp\\htdocs...')
#6 C:\xampp\htdocs\yii\framework\web\CBaseController.php(95): CBaseController->renderInternal('C:\\xampp\\htdocs...', Array, true)
#7 C:\xampp\htdocs\yii\framework\web\CController.php(872): CBaseController->renderFile('C:\\xampp\\htdocs...', Array, true)
#8 C:\xampp\htdocs\yii\framework\web\CController.php(785): CController->renderPartial('admin', Array, true)
#9 C:\xampp\htdocs\brother\protected\controllers\MenuController.php(150): CController->render('admin', Array)
#10 C:\xampp\htdocs\yii\framework\web\actions\CInlineAction.php(49): MenuController->actionAdmin()
#11 C:\xampp\htdocs\yii\framework\web\CController.php(308): CInlineAction->runWithParams(Array)
#12 C:\xampp\htdocs\yii\framework\web\filters\CFilterChain.php(134): CController->runAction(Object(CInlineAction))
#13 C:\xampp\htdocs\yii\framework\web\filters\CFilter.php(40): CFilterChain->run()
#14 C:\xampp\htdocs\yii\framework\web\CController.php(1148): CFilter->filter(Object(CFilterChain))
#15 C:\xampp\htdocs\yii\framework\web\filters\CInlineFilter.php(58): CController->filterAccessControl(Object(CFilterChain))
#16 C:\xampp\htdocs\yii\framework\web\filters\CFilterChain.php(131): CInlineFilter->filter(Object(CFilterChain))
#17 C:\xampp\htdocs\yii\framework\web\CController.php(291): CFilterChain->run()
#18 C:\xampp\htdocs\yii\framework\web\CController.php(265): CController->runActionWithFilters(Object(CInlineAction), Array)
#19 C:\xampp\htdocs\yii\framework\web\CWebApplication.php(282): CController->run('admin')
#20 C:\xampp\htdocs\yii\framework\web\CWebApplication.php(141): CWebApplication->runController('menu/admin')
#21 C:\xampp\htdocs\yii\framework\base\CApplication.php(185): CWebApplication->processRequest()
#22 C:\xampp\htdocs\brother\index.php(13): CApplication->run()
#23 {main}
REQUEST_URI=/brother/index.php/menu/admin
HTTP_REFERER=http://localhost/brother/index.php/site/login
---
2019/07/14 17:04:55 [error] [exception.CHttpException.400] CHttpException: Your request is invalid. in C:\xampp\htdocs\yii\framework\web\CController.php:337
Stack trace:
#0 C:\xampp\htdocs\yii\framework\web\CController.php(309): CController->invalidActionParams(Object(CInlineAction))
#1 C:\xampp\htdocs\yii\framework\web\filters\CFilterChain.php(134): CController->runAction(Object(CInlineAction))
#2 C:\xampp\htdocs\yii\framework\web\filters\CFilter.php(40): CFilterChain->run()
#3 C:\xampp\htdocs\yii\framework\web\CController.php(1148): CFilter->filter(Object(CFilterChain))
#4 C:\xampp\htdocs\yii\framework\web\filters\CInlineFilter.php(58): CController->filterAccessControl(Object(CFilterChain))
#5 C:\xampp\htdocs\yii\framework\web\filters\CFilterChain.php(131): CInlineFilter->filter(Object(CFilterChain))
#6 C:\xampp\htdocs\yii\framework\web\CController.php(291): CFilterChain->run()
#7 C:\xampp\htdocs\yii\framework\web\CController.php(265): CController->runActionWithFilters(Object(CInlineAction), Array)
#8 C:\xampp\htdocs\yii\framework\web\CWebApplication.php(282): CController->run('view')
#9 C:\xampp\htdocs\yii\framework\web\CWebApplication.php(141): CWebApplication->runController('menu/view')
#10 C:\xampp\htdocs\yii\framework\base\CApplication.php(185): CWebApplication->processRequest()
#11 C:\xampp\htdocs\brother\index.php(13): CApplication->run()
#12 {main}
REQUEST_URI=/brother/index.php/menu/view
HTTP_REFERER=http://localhost/brother/index.php/menu/admin
---
2019/07/14 17:19:09 [error] [php] Undefined variable: model (C:\xampp\htdocs\brother\protected\views\listmenu\index.php:20)
Stack trace:
#0 C:\xampp\htdocs\yii\framework\web\CController.php(872): ListmenuController->renderFile()
#1 C:\xampp\htdocs\yii\framework\web\CController.php(785): ListmenuController->renderPartial()
#2 C:\xampp\htdocs\brother\protected\controllers\ListmenuController.php(127): ListmenuController->render()
#3 C:\xampp\htdocs\yii\framework\web\actions\CInlineAction.php(49): ListmenuController->actionIndex()
#4 C:\xampp\htdocs\yii\framework\web\CController.php(308): CInlineAction->runWithParams()
#5 C:\xampp\htdocs\yii\framework\web\filters\CFilterChain.php(134): ListmenuController->runAction()
#6 C:\xampp\htdocs\yii\framework\web\filters\CFilter.php(40): CFilterChain->run()
#7 C:\xampp\htdocs\yii\framework\web\CController.php(1148): CAccessControlFilter->filter()
#8 C:\xampp\htdocs\yii\framework\web\filters\CInlineFilter.php(58): ListmenuController->filterAccessControl()
#9 C:\xampp\htdocs\yii\framework\web\filters\CFilterChain.php(131): CInlineFilter->filter()
#10 C:\xampp\htdocs\yii\framework\web\CController.php(291): CFilterChain->run()
#11 C:\xampp\htdocs\yii\framework\web\CController.php(265): ListmenuController->runActionWithFilters()
#12 C:\xampp\htdocs\yii\framework\web\CWebApplication.php(282): ListmenuController->run()
#13 C:\xampp\htdocs\yii\framework\web\CWebApplication.php(141): CWebApplication->runController()
#14 C:\xampp\htdocs\yii\framework\base\CApplication.php(185): CWebApplication->processRequest()
#15 C:\xampp\htdocs\brother\index.php(13): CWebApplication->run()
REQUEST_URI=/brother/index.php/listmenu/index
in C:\xampp\htdocs\brother\protected\views\listmenu\index.php (20)
in C:\xampp\htdocs\brother\protected\controllers\ListmenuController.php (127)
in C:\xampp\htdocs\brother\index.php (13)
2019/07/14 17:19:41 [error] [php] Undefined variable: model (C:\xampp\htdocs\brother\protected\views\listmenu\index.php:30)
Stack trace:
#0 C:\xampp\htdocs\yii\framework\web\CController.php(872): ListmenuController->renderFile()
#1 C:\xampp\htdocs\yii\framework\web\CController.php(785): ListmenuController->renderPartial()
#2 C:\xampp\htdocs\brother\protected\controllers\ListmenuController.php(127): ListmenuController->render()
#3 C:\xampp\htdocs\yii\framework\web\actions\CInlineAction.php(49): ListmenuController->actionIndex()
#4 C:\xampp\htdocs\yii\framework\web\CController.php(308): CInlineAction->runWithParams()
#5 C:\xampp\htdocs\yii\framework\web\filters\CFilterChain.php(134): ListmenuController->runAction()
#6 C:\xampp\htdocs\yii\framework\web\filters\CFilter.php(40): CFilterChain->run()
#7 C:\xampp\htdocs\yii\framework\web\CController.php(1148): CAccessControlFilter->filter()
#8 C:\xampp\htdocs\yii\framework\web\filters\CInlineFilter.php(58): ListmenuController->filterAccessControl()
#9 C:\xampp\htdocs\yii\framework\web\filters\CFilterChain.php(131): CInlineFilter->filter()
#10 C:\xampp\htdocs\yii\framework\web\CController.php(291): CFilterChain->run()
#11 C:\xampp\htdocs\yii\framework\web\CController.php(265): ListmenuController->runActionWithFilters()
#12 C:\xampp\htdocs\yii\framework\web\CWebApplication.php(282): ListmenuController->run()
#13 C:\xampp\htdocs\yii\framework\web\CWebApplication.php(141): CWebApplication->runController()
#14 C:\xampp\htdocs\yii\framework\base\CApplication.php(185): CWebApplication->processRequest()
#15 C:\xampp\htdocs\brother\index.php(13): CWebApplication->run()
REQUEST_URI=/brother/index.php/listmenu/index
in C:\xampp\htdocs\brother\protected\views\listmenu\index.php (30)
in C:\xampp\htdocs\brother\protected\controllers\ListmenuController.php (127)
in C:\xampp\htdocs\brother\index.php (13)
2019/07/14 17:20:00 [error] [php] Undefined variable: model (C:\xampp\htdocs\brother\protected\views\listmenu\index.php:20)
Stack trace:
#0 C:\xampp\htdocs\yii\framework\web\CController.php(872): ListmenuController->renderFile()
#1 C:\xampp\htdocs\yii\framework\web\CController.php(785): ListmenuController->renderPartial()
#2 C:\xampp\htdocs\brother\protected\controllers\ListmenuController.php(127): ListmenuController->render()
#3 C:\xampp\htdocs\yii\framework\web\actions\CInlineAction.php(49): ListmenuController->actionIndex()
#4 C:\xampp\htdocs\yii\framework\web\CController.php(308): CInlineAction->runWithParams()
#5 C:\xampp\htdocs\yii\framework\web\filters\CFilterChain.php(134): ListmenuController->runAction()
#6 C:\xampp\htdocs\yii\framework\web\filters\CFilter.php(40): CFilterChain->run()
#7 C:\xampp\htdocs\yii\framework\web\CController.php(1148): CAccessControlFilter->filter()
#8 C:\xampp\htdocs\yii\framework\web\filters\CInlineFilter.php(58): ListmenuController->filterAccessControl()
#9 C:\xampp\htdocs\yii\framework\web\filters\CFilterChain.php(131): CInlineFilter->filter()
#10 C:\xampp\htdocs\yii\framework\web\CController.php(291): CFilterChain->run()
#11 C:\xampp\htdocs\yii\framework\web\CController.php(265): ListmenuController->runActionWithFilters()
#12 C:\xampp\htdocs\yii\framework\web\CWebApplication.php(282): ListmenuController->run()
#13 C:\xampp\htdocs\yii\framework\web\CWebApplication.php(141): CWebApplication->runController()
#14 C:\xampp\htdocs\yii\framework\base\CApplication.php(185): CWebApplication->processRequest()
#15 C:\xampp\htdocs\brother\index.php(13): CWebApplication->run()
REQUEST_URI=/brother/index.php/listmenu/index
in C:\xampp\htdocs\brother\protected\views\listmenu\index.php (20)
in C:\xampp\htdocs\brother\protected\controllers\ListmenuController.php (127)
in C:\xampp\htdocs\brother\index.php (13)
2019/07/14 17:20:38 [error] [exception.CException] CException: Yii application can only be created once. in C:\xampp\htdocs\yii\framework\YiiBase.php:159
Stack trace:
#0 C:\xampp\htdocs\yii\framework\base\CApplication.php(134): YiiBase::setApplication(Object(CWebApplication))
#1 C:\xampp\htdocs\yii\framework\YiiBase.php(132): CApplication->__construct('C:\\xampp\\htdocs...')
#2 C:\xampp\htdocs\yii\framework\YiiBase.php(105): YiiBase::createApplication('CWebApplication', 'C:\\xampp\\htdocs...')
#3 C:\xampp\htdocs\brother\index.php(13): YiiBase::createWebApplication('C:\\xampp\\htdocs...')
#4 C:\xampp\htdocs\yii\framework\YiiBase.php(463): include('C:\\xampp\\htdocs...')
#5 [internal function]: YiiBase::autoload('Index')
#6 C:\xampp\htdocs\brother\protected\controllers\ListmenuController.php(125): spl_autoload_call('Index')
#7 C:\xampp\htdocs\yii\framework\web\actions\CInlineAction.php(49): ListmenuController->actionIndex()
#8 C:\xampp\htdocs\yii\framework\web\CController.php(308): CInlineAction->runWithParams(Array)
#9 C:\xampp\htdocs\yii\framework\web\filters\CFilterChain.php(134): CController->runAction(Object(CInlineAction))
#10 C:\xampp\htdocs\yii\framework\web\filters\CFilter.php(40): CFilterChain->run()
#11 C:\xampp\htdocs\yii\framework\web\CController.php(1148): CFilter->filter(Object(CFilterChain))
#12 C:\xampp\htdocs\yii\framework\web\filters\CInlineFilter.php(58): CController->filterAccessControl(Object(CFilterChain))
#13 C:\xampp\htdocs\yii\framework\web\filters\CFilterChain.php(131): CInlineFilter->filter(Object(CFilterChain))
#14 C:\xampp\htdocs\yii\framework\web\CController.php(291): CFilterChain->run()
#15 C:\xampp\htdocs\yii\framework\web\CController.php(265): CController->runActionWithFilters(Object(CInlineAction), Array)
#16 C:\xampp\htdocs\yii\framework\web\CWebApplication.php(282): CController->run('index')
#17 C:\xampp\htdocs\yii\framework\web\CWebApplication.php(141): CWebApplication->runController('listmenu/index')
#18 C:\xampp\htdocs\yii\framework\base\CApplication.php(185): CWebApplication->processRequest()
#19 C:\xampp\htdocs\brother\index.php(13): CApplication->run()
#20 {main}
REQUEST_URI=/brother/index.php/listmenu/index
HTTP_REFERER=http://localhost/brother/index.php/listmenu/admin
---
2019/07/14 17:21:58 [error] [exception.CException] CException: Yii application can only be created once. in C:\xampp\htdocs\yii\framework\YiiBase.php:159
Stack trace:
#0 C:\xampp\htdocs\yii\framework\base\CApplication.php(134): YiiBase::setApplication(Object(CWebApplication))
#1 C:\xampp\htdocs\yii\framework\YiiBase.php(132): CApplication->__construct('C:\\xampp\\htdocs...')
#2 C:\xampp\htdocs\yii\framework\YiiBase.php(105): YiiBase::createApplication('CWebApplication', 'C:\\xampp\\htdocs...')
#3 C:\xampp\htdocs\brother\index.php(13): YiiBase::createWebApplication('C:\\xampp\\htdocs...')
#4 C:\xampp\htdocs\yii\framework\YiiBase.php(463): include('C:\\xampp\\htdocs...')
#5 [internal function]: YiiBase::autoload('Index')
#6 C:\xampp\htdocs\brother\protected\controllers\ListmenuController.php(125): spl_autoload_call('Index')
#7 C:\xampp\htdocs\yii\framework\web\actions\CInlineAction.php(49): ListmenuController->actionIndex()
#8 C:\xampp\htdocs\yii\framework\web\CController.php(308): CInlineAction->runWithParams(Array)
#9 C:\xampp\htdocs\yii\framework\web\filters\CFilterChain.php(134): CController->runAction(Object(CInlineAction))
#10 C:\xampp\htdocs\yii\framework\web\filters\CFilter.php(40): CFilterChain->run()
#11 C:\xampp\htdocs\yii\framework\web\CController.php(1148): CFilter->filter(Object(CFilterChain))
#12 C:\xampp\htdocs\yii\framework\web\filters\CInlineFilter.php(58): CController->filterAccessControl(Object(CFilterChain))
#13 C:\xampp\htdocs\yii\framework\web\filters\CFilterChain.php(131): CInlineFilter->filter(Object(CFilterChain))
#14 C:\xampp\htdocs\yii\framework\web\CController.php(291): CFilterChain->run()
#15 C:\xampp\htdocs\yii\framework\web\CController.php(265): CController->runActionWithFilters(Object(CInlineAction), Array)
#16 C:\xampp\htdocs\yii\framework\web\CWebApplication.php(282): CController->run('index')
#17 C:\xampp\htdocs\yii\framework\web\CWebApplication.php(141): CWebApplication->runController('listmenu/index')
#18 C:\xampp\htdocs\yii\framework\base\CApplication.php(185): CWebApplication->processRequest()
#19 C:\xampp\htdocs\brother\index.php(13): CApplication->run()
#20 {main}
REQUEST_URI=/brother/index.php/listmenu/index
HTTP_REFERER=http://localhost/brother/index.php/listmenu/admin
---
2019/07/14 17:21:58 [error] [exception.CException] CException: Yii application can only be created once. in C:\xampp\htdocs\yii\framework\YiiBase.php:159
Stack trace:
#0 C:\xampp\htdocs\yii\framework\base\CApplication.php(134): YiiBase::setApplication(Object(CWebApplication))
#1 C:\xampp\htdocs\yii\framework\YiiBase.php(132): CApplication->__construct('C:\\xampp\\htdocs...')
#2 C:\xampp\htdocs\yii\framework\YiiBase.php(105): YiiBase::createApplication('CWebApplication', 'C:\\xampp\\htdocs...')
#3 C:\xampp\htdocs\brother\index.php(13): YiiBase::createWebApplication('C:\\xampp\\htdocs...')
#4 C:\xampp\htdocs\yii\framework\YiiBase.php(463): include('C:\\xampp\\htdocs...')
#5 [internal function]: YiiBase::autoload('Index')
#6 C:\xampp\htdocs\brother\protected\controllers\ListmenuController.php(125): spl_autoload_call('Index')
#7 C:\xampp\htdocs\yii\framework\web\actions\CInlineAction.php(49): ListmenuController->actionIndex()
#8 C:\xampp\htdocs\yii\framework\web\CController.php(308): CInlineAction->runWithParams(Array)
#9 C:\xampp\htdocs\yii\framework\web\filters\CFilterChain.php(134): CController->runAction(Object(CInlineAction))
#10 C:\xampp\htdocs\yii\framework\web\filters\CFilter.php(40): CFilterChain->run()
#11 C:\xampp\htdocs\yii\framework\web\CController.php(1148): CFilter->filter(Object(CFilterChain))
#12 C:\xampp\htdocs\yii\framework\web\filters\CInlineFilter.php(58): CController->filterAccessControl(Object(CFilterChain))
#13 C:\xampp\htdocs\yii\framework\web\filters\CFilterChain.php(131): CInlineFilter->filter(Object(CFilterChain))
#14 C:\xampp\htdocs\yii\framework\web\CController.php(291): CFilterChain->run()
#15 C:\xampp\htdocs\yii\framework\web\CController.php(265): CController->runActionWithFilters(Object(CInlineAction), Array)
#16 C:\xampp\htdocs\yii\framework\web\CWebApplication.php(282): CController->run('index')
#17 C:\xampp\htdocs\yii\framework\web\CWebApplication.php(141): CWebApplication->runController('listmenu/index')
#18 C:\xampp\htdocs\yii\framework\base\CApplication.php(185): CWebApplication->processRequest()
#19 C:\xampp\htdocs\brother\index.php(13): CApplication->run()
#20 {main}
REQUEST_URI=/brother/index.php/listmenu/index
HTTP_REFERER=http://localhost/brother/index.php/listmenu/admin
---
2019/07/14 17:21:59 [error] [exception.CException] CException: Yii application can only be created once. in C:\xampp\htdocs\yii\framework\YiiBase.php:159
Stack trace:
#0 C:\xampp\htdocs\yii\framework\base\CApplication.php(134): YiiBase::setApplication(Object(CWebApplication))
#1 C:\xampp\htdocs\yii\framework\YiiBase.php(132): CApplication->__construct('C:\\xampp\\htdocs...')
#2 C:\xampp\htdocs\yii\framework\YiiBase.php(105): YiiBase::createApplication('CWebApplication', 'C:\\xampp\\htdocs...')
#3 C:\xampp\htdocs\brother\index.php(13): YiiBase::createWebApplication('C:\\xampp\\htdocs...')
#4 C:\xampp\htdocs\yii\framework\YiiBase.php(463): include('C:\\xampp\\htdocs...')
#5 [internal function]: YiiBase::autoload('Index')
#6 C:\xampp\htdocs\brother\protected\controllers\ListmenuController.php(125): spl_autoload_call('Index')
#7 C:\xampp\htdocs\yii\framework\web\actions\CInlineAction.php(49): ListmenuController->actionIndex()
#8 C:\xampp\htdocs\yii\framework\web\CController.php(308): CInlineAction->runWithParams(Array)
#9 C:\xampp\htdocs\yii\framework\web\filters\CFilterChain.php(134): CController->runAction(Object(CInlineAction))
#10 C:\xampp\htdocs\yii\framework\web\filters\CFilter.php(40): CFilterChain->run()
#11 C:\xampp\htdocs\yii\framework\web\CController.php(1148): CFilter->filter(Object(CFilterChain))
#12 C:\xampp\htdocs\yii\framework\web\filters\CInlineFilter.php(58): CController->filterAccessControl(Object(CFilterChain))
#13 C:\xampp\htdocs\yii\framework\web\filters\CFilterChain.php(131): CInlineFilter->filter(Object(CFilterChain))
#14 C:\xampp\htdocs\yii\framework\web\CController.php(291): CFilterChain->run()
#15 C:\xampp\htdocs\yii\framework\web\CController.php(265): CController->runActionWithFilters(Object(CInlineAction), Array)
#16 C:\xampp\htdocs\yii\framework\web\CWebApplication.php(282): CController->run('index')
#17 C:\xampp\htdocs\yii\framework\web\CWebApplication.php(141): CWebApplication->runController('listmenu/index')
#18 C:\xampp\htdocs\yii\framework\base\CApplication.php(185): CWebApplication->processRequest()
#19 C:\xampp\htdocs\brother\index.php(13): CApplication->run()
#20 {main}
REQUEST_URI=/brother/index.php/listmenu/index
HTTP_REFERER=http://localhost/brother/index.php/listmenu/admin
---
2019/07/14 17:22:02 [error] [exception.CException] CException: Yii application can only be created once. in C:\xampp\htdocs\yii\framework\YiiBase.php:159
Stack trace:
#0 C:\xampp\htdocs\yii\framework\base\CApplication.php(134): YiiBase::setApplication(Object(CWebApplication))
#1 C:\xampp\htdocs\yii\framework\YiiBase.php(132): CApplication->__construct('C:\\xampp\\htdocs...')
#2 C:\xampp\htdocs\yii\framework\YiiBase.php(105): YiiBase::createApplication('CWebApplication', 'C:\\xampp\\htdocs...')
#3 C:\xampp\htdocs\brother\index.php(13): YiiBase::createWebApplication('C:\\xampp\\htdocs...')
#4 C:\xampp\htdocs\yii\framework\YiiBase.php(463): include('C:\\xampp\\htdocs...')
#5 [internal function]: YiiBase::autoload('Index')
#6 C:\xampp\htdocs\brother\protected\controllers\ListmenuController.php(125): spl_autoload_call('Index')
#7 C:\xampp\htdocs\yii\framework\web\actions\CInlineAction.php(49): ListmenuController->actionIndex()
#8 C:\xampp\htdocs\yii\framework\web\CController.php(308): CInlineAction->runWithParams(Array)
#9 C:\xampp\htdocs\yii\framework\web\filters\CFilterChain.php(134): CController->runAction(Object(CInlineAction))
#10 C:\xampp\htdocs\yii\framework\web\filters\CFilter.php(40): CFilterChain->run()
#11 C:\xampp\htdocs\yii\framework\web\CController.php(1148): CFilter->filter(Object(CFilterChain))
#12 C:\xampp\htdocs\yii\framework\web\filters\CInlineFilter.php(58): CController->filterAccessControl(Object(CFilterChain))
#13 C:\xampp\htdocs\yii\framework\web\filters\CFilterChain.php(131): CInlineFilter->filter(Object(CFilterChain))
#14 C:\xampp\htdocs\yii\framework\web\CController.php(291): CFilterChain->run()
#15 C:\xampp\htdocs\yii\framework\web\CController.php(265): CController->runActionWithFilters(Object(CInlineAction), Array)
#16 C:\xampp\htdocs\yii\framework\web\CWebApplication.php(282): CController->run('')
#17 C:\xampp\htdocs\yii\framework\web\CWebApplication.php(141): CWebApplication->runController('listmenu')
#18 C:\xampp\htdocs\yii\framework\base\CApplication.php(185): CWebApplication->processRequest()
#19 C:\xampp\htdocs\brother\index.php(13): CApplication->run()
#20 {main}
REQUEST_URI=/brother/index.php/listmenu/
HTTP_REFERER=http://localhost/brother/index.php/listmenu/admin
---
2019/07/14 17:22:04 [error] [exception.CException] CException: Yii application can only be created once. in C:\xampp\htdocs\yii\framework\YiiBase.php:159
Stack trace:
#0 C:\xampp\htdocs\yii\framework\base\CApplication.php(134): YiiBase::setApplication(Object(CWebApplication))
#1 C:\xampp\htdocs\yii\framework\YiiBase.php(132): CApplication->__construct('C:\\xampp\\htdocs...')
#2 C:\xampp\htdocs\yii\framework\YiiBase.php(105): YiiBase::createApplication('CWebApplication', 'C:\\xampp\\htdocs...')
#3 C:\xampp\htdocs\brother\index.php(13): YiiBase::createWebApplication('C:\\xampp\\htdocs...')
#4 C:\xampp\htdocs\yii\framework\YiiBase.php(463): include('C:\\xampp\\htdocs...')
#5 [internal function]: YiiBase::autoload('Index')
#6 C:\xampp\htdocs\brother\protected\controllers\ListmenuController.php(125): spl_autoload_call('Index')
#7 C:\xampp\htdocs\yii\framework\web\actions\CInlineAction.php(49): ListmenuController->actionIndex()
#8 C:\xampp\htdocs\yii\framework\web\CController.php(308): CInlineAction->runWithParams(Array)
#9 C:\xampp\htdocs\yii\framework\web\filters\CFilterChain.php(134): CController->runAction(Object(CInlineAction))
#10 C:\xampp\htdocs\yii\framework\web\filters\CFilter.php(40): CFilterChain->run()
#11 C:\xampp\htdocs\yii\framework\web\CController.php(1148): CFilter->filter(Object(CFilterChain))
#12 C:\xampp\htdocs\yii\framework\web\filters\CInlineFilter.php(58): CController->filterAccessControl(Object(CFilterChain))
#13 C:\xampp\htdocs\yii\framework\web\filters\CFilterChain.php(131): CInlineFilter->filter(Object(CFilterChain))
#14 C:\xampp\htdocs\yii\framework\web\CController.php(291): CFilterChain->run()
#15 C:\xampp\htdocs\yii\framework\web\CController.php(265): CController->runActionWithFilters(Object(CInlineAction), Array)
#16 C:\xampp\htdocs\yii\framework\web\CWebApplication.php(282): CController->run('index')
#17 C:\xampp\htdocs\yii\framework\web\CWebApplication.php(141): CWebApplication->runController('listmenu/index')
#18 C:\xampp\htdocs\yii\framework\base\CApplication.php(185): CWebApplication->processRequest()
#19 C:\xampp\htdocs\brother\index.php(13): CApplication->run()
#20 {main}
REQUEST_URI=/brother/index.php/listmenu/index
HTTP_REFERER=http://localhost/brother/index.php/listmenu/admin
---
2019/07/14 17:22:31 [error] [exception.CException] CException: Yii application can only be created once. in C:\xampp\htdocs\yii\framework\YiiBase.php:159
Stack trace:
#0 C:\xampp\htdocs\yii\framework\base\CApplication.php(134): YiiBase::setApplication(Object(CWebApplication))
#1 C:\xampp\htdocs\yii\framework\YiiBase.php(132): CApplication->__construct('C:\\xampp\\htdocs...')
#2 C:\xampp\htdocs\yii\framework\YiiBase.php(105): YiiBase::createApplication('CWebApplication', 'C:\\xampp\\htdocs...')
#3 C:\xampp\htdocs\brother\index.php(13): YiiBase::createWebApplication('C:\\xampp\\htdocs...')
#4 C:\xampp\htdocs\yii\framework\YiiBase.php(463): include('C:\\xampp\\htdocs...')
#5 [internal function]: YiiBase::autoload('Index')
#6 C:\xampp\htdocs\brother\protected\controllers\ListmenuController.php(125): spl_autoload_call('Index')
#7 C:\xampp\htdocs\yii\framework\web\actions\CInlineAction.php(49): ListmenuController->actionIndex()
#8 C:\xampp\htdocs\yii\framework\web\CController.php(308): CInlineAction->runWithParams(Array)
#9 C:\xampp\htdocs\yii\framework\web\filters\CFilterChain.php(134): CController->runAction(Object(CInlineAction))
#10 C:\xampp\htdocs\yii\framework\web\filters\CFilter.php(40): CFilterChain->run()
#11 C:\xampp\htdocs\yii\framework\web\CController.php(1148): CFilter->filter(Object(CFilterChain))
#12 C:\xampp\htdocs\yii\framework\web\filters\CInlineFilter.php(58): CController->filterAccessControl(Object(CFilterChain))
#13 C:\xampp\htdocs\yii\framework\web\filters\CFilterChain.php(131): CInlineFilter->filter(Object(CFilterChain))
#14 C:\xampp\htdocs\yii\framework\web\CController.php(291): CFilterChain->run()
#15 C:\xampp\htdocs\yii\framework\web\CController.php(265): CController->runActionWithFilters(Object(CInlineAction), Array)
#16 C:\xampp\htdocs\yii\framework\web\CWebApplication.php(282): CController->run('index')
#17 C:\xampp\htdocs\yii\framework\web\CWebApplication.php(141): CWebApplication->runController('listmenu/index')
#18 C:\xampp\htdocs\yii\framework\base\CApplication.php(185): CWebApplication->processRequest()
#19 C:\xampp\htdocs\brother\index.php(13): CApplication->run()
#20 {main}
REQUEST_URI=/brother/index.php/listmenu/index
HTTP_REFERER=http://localhost/brother/index.php/listmenu/admin
---
2019/07/15 04:29:25 [error] [exception.CException] CException: Property "Listmenu.menu_name" is not defined. in C:\xampp\htdocs\yii\framework\base\CComponent.php:130
Stack trace:
#0 C:\xampp\htdocs\yii\framework\db\ar\CActiveRecord.php(145): CComponent->__get('menu_name')
#1 C:\xampp\htdocs\yii\framework\web\helpers\CHtml.php(2760): CActiveRecord->__get('menu_name')
#2 C:\xampp\htdocs\yii\framework\web\helpers\CHtml.php(2483): CHtml::resolveValue(Object(Listmenu), 'menu_name')
#3 C:\xampp\htdocs\yii\framework\web\helpers\CHtml.php(1540): CHtml::activeInputField('text', Object(Listmenu), 'menu_name', Array)
#4 C:\xampp\htdocs\yii\framework\web\widgets\CActiveForm.php(792): CHtml::activeTextField(Object(Listmenu), 'menu_name', Array)
#5 C:\xampp\htdocs\brother\protected\views\listmenu\index.php(40): CActiveForm->textField(Object(Listmenu), 'menu_name', Array)
#6 C:\xampp\htdocs\yii\framework\web\CBaseController.php(126): require('C:\\xampp\\htdocs...')
#7 C:\xampp\htdocs\yii\framework\web\CBaseController.php(95): CBaseController->renderInternal('C:\\xampp\\htdocs...', Array, true)
#8 C:\xampp\htdocs\yii\framework\web\CController.php(872): CBaseController->renderFile('C:\\xampp\\htdocs...', Array, true)
#9 C:\xampp\htdocs\yii\framework\web\CController.php(785): CController->renderPartial('index', Array, true)
#10 C:\xampp\htdocs\brother\protected\controllers\ListmenuController.php(127): CController->render('index', Array)
#11 C:\xampp\htdocs\yii\framework\web\actions\CInlineAction.php(49): ListmenuController->actionIndex()
#12 C:\xampp\htdocs\yii\framework\web\CController.php(308): CInlineAction->runWithParams(Array)
#13 C:\xampp\htdocs\yii\framework\web\filters\CFilterChain.php(134): CController->runAction(Object(CInlineAction))
#14 C:\xampp\htdocs\yii\framework\web\filters\CFilter.php(40): CFilterChain->run()
#15 C:\xampp\htdocs\yii\framework\web\CController.php(1148): CFilter->filter(Object(CFilterChain))
#16 C:\xampp\htdocs\yii\framework\web\filters\CInlineFilter.php(58): CController->filterAccessControl(Object(CFilterChain))
#17 C:\xampp\htdocs\yii\framework\web\filters\CFilterChain.php(131): CInlineFilter->filter(Object(CFilterChain))
#18 C:\xampp\htdocs\yii\framework\web\CController.php(291): CFilterChain->run()
#19 C:\xampp\htdocs\yii\framework\web\CController.php(265): CController->runActionWithFilters(Object(CInlineAction), Array)
#20 C:\xampp\htdocs\yii\framework\web\CWebApplication.php(282): CController->run('index')
#21 C:\xampp\htdocs\yii\framework\web\CWebApplication.php(141): CWebApplication->runController('listmenu/index')
#22 C:\xampp\htdocs\yii\framework\base\CApplication.php(185): CWebApplication->processRequest()
#23 C:\xampp\htdocs\brother\index.php(13): CApplication->run()
#24 {main}
REQUEST_URI=/brother/index.php/listmenu/index
HTTP_REFERER=http://localhost/brother/index.php/listmenu/admin
---
